<?xml version="1.0" encoding="UTF-8"?>
<testsuites name="jest tests" tests="4" failures="0" errors="0" time="3.132">
  <testsuite name="undefined" errors="0" failures="0" skipped="0" timestamp="2024-10-19T13:48:51" time="2.214" tests="4">
    <testcase classname=" initial UI is rendered as expected" name=" initial UI is rendered as expected" time="0.057">
    </testcase>
    <testcase classname=" Appended string is correct when First Text input changed" name=" Appended string is correct when First Text input changed" time="0.022">
    </testcase>
    <testcase classname=" Appended string is correct when Second Text input changed" name=" Appended string is correct when Second Text input changed" time="0.011">
    </testcase>
    <testcase classname=" Appended string is correct when both inputs are changed and perform series of operations" name=" Appended string is correct when both inputs are changed and perform series of operations" time="0.035">
    </testcase>
  </testsuite>
</testsuites>